
SQL*Loader: Release 11.2.0.2.0 - Production on Mon Jan 20 18:23:17 2014

Copyright (c) 1982, 2009, Oracle and/or its affiliates.  All rights reserved.

Control File:   desk_owners.ldr
Data File:      desk_owners.ldr
  Bad File:     desk_owners.bad
  Discard File:  none specified
 
 (Allow all discards)

Number to load: ALL
Number to skip: 0
Errors allowed: 50
Bind array:     64 rows, maximum of 256000 bytes
Continuation:    none specified
Path used:      Conventional

Table DESK_OWNERS, loaded from every logical record.
Insert option in effect for this table: APPEND
TRAILING NULLCOLS option in effect

   Column Name                  Position   Len  Term Encl Datatype
------------------------------ ---------- ----- ---- ---- ---------------------
ID                                  FIRST     *   |  O(") CHARACTER            
DESK                                 NEXT     *   |  O(") CHARACTER            
AIRLINE                              NEXT     *   |  O(") CHARACTER            
CHAN_ID                              NEXT     *   |  O(") CHARACTER            
PR_DENIAL                            NEXT     *   |  O(") CHARACTER            


Table DESK_OWNERS:
  307 Rows successfully loaded.
  0 Rows not loaded due to data errors.
  0 Rows not loaded because all WHEN clauses were failed.
  0 Rows not loaded because all fields were null.


Space allocated for bind array:                  82560 bytes(64 rows)
Read   buffer bytes: 1048576

Total logical records skipped:          0
Total logical records read:           307
Total logical records rejected:         0
Total logical records discarded:        0

Run began on Mon Jan 20 18:23:17 2014
Run ended on Mon Jan 20 18:23:17 2014

Elapsed time was:     00:00:00.07
CPU time was:         00:00:00.01
