
SQL*Loader: Release 11.2.0.2.0 - Production on Mon Jan 20 19:14:33 2014

Copyright (c) 1982, 2009, Oracle and/or its affiliates.  All rights reserved.

Control File:   et_addr_set.ldr
Data File:      et_addr_set.ldr
  Bad File:     et_addr_set.bad
  Discard File:  none specified
 
 (Allow all discards)

Number to load: ALL
Number to skip: 0
Errors allowed: 50
Bind array:     64 rows, maximum of 256000 bytes
Continuation:    none specified
Path used:      Conventional

Table ET_ADDR_SET, loaded from every logical record.
Insert option in effect for this table: APPEND
TRAILING NULLCOLS option in effect

   Column Name                  Position   Len  Term Encl Datatype
------------------------------ ---------- ----- ---- ---- ---------------------
ID                                  FIRST     *   |  O(") CHARACTER            
AIRLINE                              NEXT     *   |  O(") CHARACTER            
FLT_NO                               NEXT     *   |  O(") CHARACTER            
EDI_ADDR                             NEXT     *   |  O(") CHARACTER            
EDI_OWN_ADDR                         NEXT     *   |  O(") CHARACTER            


Table ET_ADDR_SET:
  13 Rows successfully loaded.
  0 Rows not loaded due to data errors.
  0 Rows not loaded because all WHEN clauses were failed.
  0 Rows not loaded because all fields were null.


Space allocated for bind array:                  82560 bytes(64 rows)
Read   buffer bytes: 1048576

Total logical records skipped:          0
Total logical records read:            13
Total logical records rejected:         0
Total logical records discarded:        0

Run began on Mon Jan 20 19:14:33 2014
Run ended on Mon Jan 20 19:14:33 2014

Elapsed time was:     00:00:00.05
CPU time was:         00:00:00.00
