
SQL*Loader: Release 11.2.0.2.0 - Production on Mon Jan 20 18:23:18 2014

Copyright (c) 1982, 2009, Oracle and/or its affiliates.  All rights reserved.

Control File:   user_sets.ldr
Data File:      user_sets.ldr
  Bad File:     user_sets.bad
  Discard File:  none specified
 
 (Allow all discards)

Number to load: ALL
Number to skip: 0
Errors allowed: 50
Bind array:     64 rows, maximum of 256000 bytes
Continuation:    none specified
Path used:      Conventional

Table USER_SETS, loaded from every logical record.
Insert option in effect for this table: APPEND
TRAILING NULLCOLS option in effect

   Column Name                  Position   Len  Term Encl Datatype
------------------------------ ---------- ----- ---- ---- ---------------------
USER_ID                             FIRST     *   |  O(") CHARACTER            
TIME                                 NEXT     *   |  O(") CHARACTER            
DISP_AIRLINE                         NEXT     *   |  O(") CHARACTER            
DISP_AIRP                            NEXT     *   |  O(") CHARACTER            
DISP_CRAFT                           NEXT     *   |  O(") CHARACTER            
DISP_SUFFIX                          NEXT     *   |  O(") CHARACTER            


Table USER_SETS:
  51 Rows successfully loaded.
  0 Rows not loaded due to data errors.
  0 Rows not loaded because all WHEN clauses were failed.
  0 Rows not loaded because all fields were null.


Space allocated for bind array:                  99072 bytes(64 rows)
Read   buffer bytes: 1048576

Total logical records skipped:          0
Total logical records read:            51
Total logical records rejected:         0
Total logical records discarded:        0

Run began on Mon Jan 20 18:23:18 2014
Run ended on Mon Jan 20 18:23:18 2014

Elapsed time was:     00:00:00.04
CPU time was:         00:00:00.01
